The system is: Windows - 10.0.19042 - AMD64
Compiling the C compiler identification source file "CMakeCCompilerId.c" succeeded.
Compiler: F:/Program Files (x86)/Microsoft Visual Studio/2017/Community/VC/Tools/MSVC/14.11.25503/bin/HostX86/x86/cl.exe 
Build flags: 
Id flags:  

The output was:
0
Microsoft (R) C/C++ Optimizing Compiler Version 19.11.25508.2 for x86
Copyright (C) Microsoft Corporation.  All rights reserved.

CMakeCCompilerId.c
Microsoft (R) Incremental Linker Version 14.11.25508.2
Copyright (C) Microsoft Corporation.  All rights reserved.

/out:CMakeCCompilerId.exe 
CMakeCCompilerId.obj 


Compilation of the C compiler identification source "CMakeCCompilerId.c" produced "CMakeCCompilerId.exe"

Compilation of the C compiler identification source "CMakeCCompilerId.c" produced "CMakeCCompilerId.obj"

The C compiler identification is MSVC, found in "F:/repo/cpp/jpeg_compressor/cmake-build-debug/CMakeFiles/3.20.2/CompilerIdC/CMakeCCompilerId.exe"

Compiling the CXX compiler identification source file "CMakeCXXCompilerId.cpp" succeeded.
Compiler: F:/Program Files (x86)/Microsoft Visual Studio/2017/Community/VC/Tools/MSVC/14.11.25503/bin/HostX86/x86/cl.exe 
Build flags: 
Id flags:  

The output was:
0
Microsoft (R) C/C++ Optimizing Compiler Version 19.11.25508.2 for x86
Copyright (C) Microsoft Corporation.  All rights reserved.

CMakeCXXCompilerId.cpp
Microsoft (R) Incremental Linker Version 14.11.25508.2
Copyright (C) Microsoft Corporation.  All rights reserved.

/out:CMakeCXXCompilerId.exe 
CMakeCXXCompilerId.obj 


Compilation of the CXX compiler identification source "CMakeCXXCompilerId.cpp" produced "CMakeCXXCompilerId.exe"

Compilation of the CXX compiler identification source "CMakeCXXCompilerId.cpp" produced "CMakeCXXCompilerId.obj"

The CXX compiler identification is MSVC, found in "F:/repo/cpp/jpeg_compressor/cmake-build-debug/CMakeFiles/3.20.2/CompilerIdCXX/CMakeCXXCompilerId.exe"

Detecting C compiler ABI info compiled with the following output:
Change Dir: F:/repo/cpp/jpeg_compressor/cmake-build-debug/CMakeFiles/CMakeTmp

Run Build Command(s):nmake -f Makefile /nologo cmTC_f83e4\fast && 	"F:\Program Files (x86)\Microsoft Visual Studio\2017\Community\VC\Tools\MSVC\14.11.25503\bin\HostX86\x86\nmake.exe"  -f CMakeFiles\cmTC_f83e4.dir\build.make /nologo -L                  CMakeFiles\cmTC_f83e4.dir\build
Building C object CMakeFiles/cmTC_f83e4.dir/CMakeCCompilerABI.c.obj
	"C:\Program Files\JetBrains\CLion 2021.2.3\bin\cmake\win\bin\cmake.exe" -E cmake_cl_compile_depends --dep-file=CMakeFiles\cmTC_f83e4.dir\CMakeCCompilerABI.c.obj.d --working-dir=F:\repo\cpp\jpeg_compressor\cmake-build-debug\CMakeFiles\CMakeTmp --filter-prefix="" -- "F:\Program Files (x86)\Microsoft Visual Studio\2017\Community\VC\Tools\MSVC\14.11.25503\bin\HostX86\x86\cl.exe" @C:\Users\Anton\AppData\Local\Temp\nmE0C7.tmp
Linking C executable cmTC_f83e4.exe
	"C:\Program Files\JetBrains\CLion 2021.2.3\bin\cmake\win\bin\cmake.exe" -E vs_link_exe --intdir=CMakeFiles\cmTC_f83e4.dir --rc=C:\PROGRA~2\WI3CF2~1\10\bin\x86\rc.exe --mt=C:\PROGRA~2\WI3CF2~1\10\bin\x86\mt.exe --manifests -- "F:\Program Files (x86)\Microsoft Visual Studio\2017\Community\VC\Tools\MSVC\14.11.25503\bin\HostX86\x86\link.exe" /nologo @CMakeFiles\cmTC_f83e4.dir\objects1.rsp @C:\Users\Anton\AppData\Local\Temp\nmE230.tmp



Detecting CXX compiler ABI info compiled with the following output:
Change Dir: F:/repo/cpp/jpeg_compressor/cmake-build-debug/CMakeFiles/CMakeTmp

Run Build Command(s):nmake -f Makefile /nologo cmTC_cb8da\fast && 	"F:\Program Files (x86)\Microsoft Visual Studio\2017\Community\VC\Tools\MSVC\14.11.25503\bin\HostX86\x86\nmake.exe"  -f CMakeFiles\cmTC_cb8da.dir\build.make /nologo -L                  CMakeFiles\cmTC_cb8da.dir\build
Building CXX object CMakeFiles/cmTC_cb8da.dir/CMakeCXXCompilerABI.cpp.obj
	"C:\Program Files\JetBrains\CLion 2021.2.3\bin\cmake\win\bin\cmake.exe" -E cmake_cl_compile_depends --dep-file=CMakeFiles\cmTC_cb8da.dir\CMakeCXXCompilerABI.cpp.obj.d --working-dir=F:\repo\cpp\jpeg_compressor\cmake-build-debug\CMakeFiles\CMakeTmp --filter-prefix="" -- "F:\Program Files (x86)\Microsoft Visual Studio\2017\Community\VC\Tools\MSVC\14.11.25503\bin\HostX86\x86\cl.exe" @C:\Users\Anton\AppData\Local\Temp\nmE76E.tmp
Linking CXX executable cmTC_cb8da.exe
	"C:\Program Files\JetBrains\CLion 2021.2.3\bin\cmake\win\bin\cmake.exe" -E vs_link_exe --intdir=CMakeFiles\cmTC_cb8da.dir --rc=C:\PROGRA~2\WI3CF2~1\10\bin\x86\rc.exe --mt=C:\PROGRA~2\WI3CF2~1\10\bin\x86\mt.exe --manifests -- "F:\Program Files (x86)\Microsoft Visual Studio\2017\Community\VC\Tools\MSVC\14.11.25503\bin\HostX86\x86\link.exe" /nologo @CMakeFiles\cmTC_cb8da.dir\objects1.rsp @C:\Users\Anton\AppData\Local\Temp\nmE8A8.tmp



